2016-08-05 09:12:12,925 CRIT Supervisor running as root (no user in config file)
2016-08-05 09:12:12,925 WARN Included extra file "/etc/supervisor/conf.d/supervisord.conf" during parsing
2016-08-05 09:12:12,935 INFO RPC interface 'supervisor' initialized
2016-08-05 09:12:12,935 CRIT Server 'unix_http_server' running without any HTTP authentication checking
2016-08-05 09:12:12,941 INFO daemonizing the supervisord process
2016-08-05 09:12:12,942 INFO supervisord started with pid 14
2016-08-05 09:12:13,944 INFO spawned: 'funs' with pid 21
2016-08-05 09:12:15,167 INFO success: funs entered RUNNING state, process has stayed up for > than 1 seconds (startsecs)
2016-08-05 09:12:19,836 CRIT Supervisor running as root (no user in config file)
2016-08-05 09:12:19,836 WARN Included extra file "/etc/supervisor/conf.d/supervisord.conf" during parsing
2016-08-05 09:12:20,148 INFO RPC interface 'supervisor' initialized
2016-08-05 09:12:20,149 CRIT Server 'unix_http_server' running without any HTTP authentication checking
2016-08-05 09:12:20,150 INFO daemonizing the supervisord process
2016-08-05 09:12:20,151 INFO supervisord started with pid 14
2016-08-05 09:12:21,153 INFO spawned: 'funs' with pid 22
2016-08-05 09:12:22,371 INFO success: funs entered RUNNING state, process has stayed up for > than 1 seconds (startsecs)
2016-08-05 09:12:36,653 CRIT Supervisor running as root (no user in config file)
2016-08-05 09:12:36,653 WARN Included extra file "/etc/supervisor/conf.d/supervisord.conf" during parsing
2016-08-05 09:12:36,968 INFO RPC interface 'supervisor' initialized
2016-08-05 09:12:36,969 CRIT Server 'unix_http_server' running without any HTTP authentication checking
2016-08-05 09:12:36,970 INFO daemonizing the supervisord process
2016-08-05 09:12:36,971 INFO supervisord started with pid 13
2016-08-05 09:12:37,973 INFO spawned: 'funs' with pid 17
2016-08-05 09:12:39,179 INFO success: funs entered RUNNING state, process has stayed up for > than 1 seconds (startsecs)
